Files already downloaded and verified
Writing logs to logs/CNN_bs=128_lr=0.01_run_21
torch.Size([128, 64, 8, 8])
torch.Size([128, 4096])
shape after first fc: 
tensor([[0.2394, 2.0295, 0.0000,  ..., 0.1497, 0.4461, 0.0000],
        [0.0000, 1.8869, 0.0000,  ..., 0.3253, 0.0742, 0.0000],
        [0.3142, 1.4772, 0.0000,  ..., 0.0000, 0.7783, 0.0000],
        ...,
        [0.9065, 1.5851, 0.0000,  ..., 0.2938, 0.0000, 0.0000],
        [0.0000, 1.8874, 0.0000,  ..., 0.2754, 0.7226, 0.0000],
        [0.1244, 2.2672, 0.0000,  ..., 0.2347, 0.5661, 0.0000]],
       device='cuda:0', grad_fn=<ReluBackward0>)
shape after second fc layer: 
tensor([[-1.3250e+00, -2.4420e-01,  7.9829e-02,  ...,  5.6068e-01,
          2.5688e-01, -4.5070e-03],
        [-1.0008e+00, -1.1718e-01, -7.4483e-02,  ...,  4.4726e-01,
          1.7902e-01,  7.3367e-02],
        [-7.1722e-01,  1.5426e-01, -6.0942e-02,  ...,  6.7074e-01,
          4.4730e-01,  2.7162e-01],
        ...,
        [-8.8392e-01,  2.5357e-01, -5.6549e-02,  ...,  2.3845e-01,
         -6.8623e-04,  5.3113e-02],
        [-1.2036e+00,  2.8277e-03, -2.2964e-01,  ...,  5.4416e-01,
          2.5602e-01,  3.8531e-01],
        [-1.0613e+00, -4.1565e-01, -9.6925e-02,  ...,  7.0487e-01,
          2.3982e-01,  6.3307e-01]], device='cuda:0', grad_fn=<AddmmBackward0>)
